2021-10-04 09:12:08,079 INFO com.mongodb.diagnostics.logging.SLF4JLogger [cluster-ClusterId{value='61572ffd3f725207b6a7ca4b', description='null'}-localhost:27017] Exception in monitor thread while connecting to server localhost:27017
com.mongodb.MongoSocketReadTimeoutException: Timeout while receiving message
	at com.mongodb.internal.connection.InternalStreamConnection.translateReadException(InternalStreamConnection.java:630)
	at com.mongodb.internal.connection.InternalStreamConnection.receiveMessageWithAdditionalTimeout(InternalStreamConnection.java:515)
	at com.mongodb.internal.connection.InternalStreamConnection.receiveCommandMessageResponse(InternalStreamConnection.java:355)
	at com.mongodb.internal.connection.InternalStreamConnection.receive(InternalStreamConnection.java:315)
	at com.mongodb.internal.connection.DefaultServerMonitor$ServerMonitorRunnable.lookupServerDescription(DefaultServerMonitor.java:215)
	at com.mongodb.internal.connection.DefaultServerMonitor$ServerMonitorRunnable.run(DefaultServerMonitor.java:144)
	at java.base/java.lang.Thread.run(Thread.java:833)
Caused by: java.net.SocketTimeoutException: Read timed out
	at java.base/sun.nio.ch.NioSocketImpl.timedRead(NioSocketImpl.java:283)
	at java.base/sun.nio.ch.NioSocketImpl.implRead(NioSocketImpl.java:309)
	at java.base/sun.nio.ch.NioSocketImpl.read(NioSocketImpl.java:350)
	at java.base/sun.nio.ch.NioSocketImpl$1.read(NioSocketImpl.java:803)
	at java.base/java.net.Socket$SocketInputStream.read(Socket.java:966)
	at com.mongodb.internal.connection.SocketStream.read(SocketStream.java:109)
	at com.mongodb.internal.connection.SocketStream.read(SocketStream.java:131)
	at com.mongodb.internal.connection.InternalStreamConnection.receiveResponseBuffers(InternalStreamConnection.java:647)
	at com.mongodb.internal.connection.InternalStreamConnection.receiveMessageWithAdditionalTimeout(InternalStreamConnection.java:512)
	... 5 common frames omitted
2021-10-04 09:12:08,825 INFO com.mongodb.diagnostics.logging.SLF4JLogger [cluster-ClusterId{value='61572ffd3f725207b6a7ca4b', description='null'}-localhost:27017] Opened connection [connectionId{localValue:4, serverValue:216}] to localhost:27017
2021-10-04 09:12:08,826 INFO com.mongodb.diagnostics.logging.SLF4JLogger [cluster-ClusterId{value='61572ffd3f725207b6a7ca4b', description='null'}-localhost:27017] Monitor thread successfully connected to server with description ServerDescription{address=localhost:27017, type=STANDALONE, state=CONNECTED, ok=true, minWireVersion=0, maxWireVersion=13, maxDocumentSize=16777216, logicalSessionTimeoutMinutes=30, roundTripTimeNanos=195404668}
2021-10-04 10:16:56,411 INFO com.mongodb.diagnostics.logging.SLF4JLogger [http-nio-8090-exec-8] Closed connection [connectionId{localValue:3, serverValue:215}] to localhost:27017 because there was a socket exception raised on another connection from this pool.
2021-10-04 10:16:56,417 INFO com.mongodb.diagnostics.logging.SLF4JLogger [http-nio-8090-exec-8] Opened connection [connectionId{localValue:5, serverValue:217}] to localhost:27017
2021-10-04 10:16:56,437 INFO com.digital.engineering.course.training.controller.CustomerController [http-nio-8090-exec-8] All Customers found successfully. Customer details: [Customer[id=6155e48c06e03c187d7a3289, firstName='Alice', lastName='Smith'], Customer[id=6155e48c06e03c187d7a328a, firstName='Bob', lastName='Smith'], Customer[id=61572e01463cb04920331ec5, firstName='Jasmira', lastName='Fernandes']]
2021-10-04 10:29:50,183 INFO com.digital.engineering.course.training.controller.CustomerController [http-nio-8090-exec-2] All Customers found successfully. Customer details: [Customer[id=6155e48c06e03c187d7a3289, firstName='Alice', lastName='Smith'], Customer[id=6155e48c06e03c187d7a328a, firstName='Bob', lastName='Smith'], Customer[id=61572e01463cb04920331ec5, firstName='Jasmira', lastName='Fernandes']]
2021-10-04 10:34:48,576 INFO com.mongodb.diagnostics.logging.SLF4JLogger [SpringApplicationShutdownHook] Closed connection [connectionId{localValue:5, serverValue:217}] to localhost:27017 because the pool has been closed.
2021-10-04 10:42:11,757 INFO org.springframework.boot.StartupInfoLogger [main] Starting TrainingApplication using Java 17 on C02G21CCMD6P with PID 22126 (/Users/jfrx/OneDrive - Capco/Eclipse_Workspace/training/target/classes started by jfrx in /Users/jfrx/OneDrive - Capco/Eclipse_Workspace/training)
2021-10-04 10:42:11,759 DEBUG org.springframework.boot.StartupInfoLogger [main] Running with Spring Boot v2.5.5, Spring v5.3.10
2021-10-04 10:42:11,760 INFO org.springframework.boot.SpringApplication [main] No active profile set, falling back to default profiles: default
2021-10-04 10:42:12,345 INFO org.springframework.data.repository.config.RepositoryConfigurationDelegate [main] Bootstrapping Spring Data MongoDB repositories in DEFAULT mode.
2021-10-04 10:42:12,389 INFO org.springframework.data.repository.config.RepositoryConfigurationDelegate [main] Finished Spring Data repository scanning in 38 ms. Found 1 MongoDB repository interfaces.
2021-10-04 10:42:12,925 INFO org.springframework.boot.web.embedded.tomcat.TomcatWebServer [main] Tomcat initialized with port(s): 8090 (http)
2021-10-04 10:42:12,933 INFO org.apache.juli.logging.DirectJDKLog [main] Initializing ProtocolHandler ["http-nio-8090"]
2021-10-04 10:42:12,934 INFO org.apache.juli.logging.DirectJDKLog [main] Starting service [Tomcat]
2021-10-04 10:42:12,934 INFO org.apache.juli.logging.DirectJDKLog [main] Starting Servlet engine: [Apache Tomcat/9.0.53]
2021-10-04 10:42:12,998 INFO org.apache.juli.logging.DirectJDKLog [main] Initializing Spring embedded WebApplicationContext
2021-10-04 10:42:12,999 INFO org.springframework.boot.web.servlet.context.ServletWebServerApplicationContext [main] Root WebApplicationContext: initialization completed in 1179 ms
2021-10-04 10:42:13,130 INFO com.mongodb.diagnostics.logging.SLF4JLogger [main] Cluster created with settings {hosts=[localhost:27017], mode=SINGLE, requiredClusterType=UNKNOWN, serverSelectionTimeout='30000 ms'}
2021-10-04 10:42:13,197 INFO com.mongodb.diagnostics.logging.SLF4JLogger [cluster-rtt-ClusterId{value='615acc75be622952bc8b3169', description='null'}-localhost:27017] Opened connection [connectionId{localValue:2, serverValue:224}] to localhost:27017
2021-10-04 10:42:13,197 INFO com.mongodb.diagnostics.logging.SLF4JLogger [cluster-ClusterId{value='615acc75be622952bc8b3169', description='null'}-localhost:27017] Opened connection [connectionId{localValue:1, serverValue:223}] to localhost:27017
2021-10-04 10:42:13,198 INFO com.mongodb.diagnostics.logging.SLF4JLogger [cluster-ClusterId{value='615acc75be622952bc8b3169', description='null'}-localhost:27017] Monitor thread successfully connected to server with description ServerDescription{address=localhost:27017, type=STANDALONE, state=CONNECTED, ok=true, minWireVersion=0, maxWireVersion=13, maxDocumentSize=16777216, logicalSessionTimeoutMinutes=30, roundTripTimeNanos=18273688}
2021-10-04 10:42:13,778 INFO org.apache.juli.logging.DirectJDKLog [main] Starting ProtocolHandler ["http-nio-8090"]
2021-10-04 10:42:13,797 INFO org.springframework.boot.web.embedded.tomcat.TomcatWebServer [main] Tomcat started on port(s): 8090 (http) with context path ''
2021-10-04 10:42:13,798 INFO springfox.documentation.spring.web.plugins.DocumentationPluginsBootstrapper [main] Context refreshed
2021-10-04 10:42:13,811 INFO springfox.documentation.spring.web.plugins.DocumentationPluginsBootstrapper [main] Found 1 custom documentation plugin(s)
2021-10-04 10:42:13,819 INFO springfox.documentation.spring.web.scanners.ApiListingReferenceScanner [main] Scanning for api listing references
2021-10-04 10:42:13,968 INFO org.springframework.boot.StartupInfoLogger [main] Started TrainingApplication in 2.981 seconds (JVM running for 3.617)
